<?xml version="1.0" encoding="UTF-8"?>
<testsuite name="com.departmentservice.department.DepartmentApplicationTests" tests="1" skipped="0" failures="0" errors="0" timestamp="2023-08-07T11:41:48" hostname="josh-Latitude-3420" time="0.403">
  <properties/>
  <testcase name="contextLoads()" classname="com.departmentservice.department.DepartmentApplicationTests" time="0.403"/>
  <system-out><![CDATA[17:11:44.758 [Test worker] INFO org.springframework.test.context.support.AnnotationConfigContextLoaderUtils -- Could not detect default configuration classes for test class [com.departmentservice.department.DepartmentApplicationTests]: DepartmentApplicationTests does not declare any static, non-private, non-final, nested classes annotated with @Configuration.
17:11:44.839 [Test worker] INFO org.springframework.boot.test.context.SpringBootTestContextBootstrapper -- Found @SpringBootConfiguration com.departmentservice.department.DepartmentApplication for test class com.departmentservice.department.DepartmentApplicationTests

  .   ____          _            __ _ _
 /\\ / ___'_ __ _ _(_)_ __  __ _ \ \ \ \
( ( )\___ | '_ | '_| | '_ \/ _` | \ \ \ \
 \\/  ___)| |_)| | | | | || (_| |  ) ) ) )
  '  |____| .__|_| |_|_| |_\__, | / / / /
 =========|_|==============|___/=/_/_/_/
 :: Spring Boot ::                (v3.1.2)

2023-08-07T17:11:45.147+05:30  INFO 2219558 --- [    Test worker] c.d.d.DepartmentApplicationTests         : Starting DepartmentApplicationTests using Java 17.0.8 with PID 2219558 (started by josh in /home/josh/Downloads/Gradle_26_July/department)
2023-08-07T17:11:45.149+05:30  INFO 2219558 --- [    Test worker] c.d.d.DepartmentApplicationTests         : No active profile set, falling back to 1 default profile: "default"
2023-08-07T17:11:45.660+05:30  INFO 2219558 --- [    Test worker] .s.d.r.c.RepositoryConfigurationDelegate : Bootstrapping Spring Data JPA repositories in DEFAULT mode.
2023-08-07T17:11:45.707+05:30  INFO 2219558 --- [    Test worker] .s.d.r.c.RepositoryConfigurationDelegate : Finished Spring Data repository scanning in 41 ms. Found 1 JPA repository interfaces.
2023-08-07T17:11:46.042+05:30  INFO 2219558 --- [    Test worker] o.hibernate.jpa.internal.util.LogHelper  : HHH000204: Processing PersistenceUnitInfo [name: default]
2023-08-07T17:11:46.078+05:30  INFO 2219558 --- [    Test worker] org.hibernate.Version                    : HHH000412: Hibernate ORM core version 6.2.6.Final
2023-08-07T17:11:46.080+05:30  INFO 2219558 --- [    Test worker] org.hibernate.cfg.Environment            : HHH000406: Using bytecode reflection optimizer
2023-08-07T17:11:46.187+05:30  INFO 2219558 --- [    Test worker] o.h.b.i.BytecodeProviderInitiator        : HHH000021: Bytecode provider name : bytebuddy
2023-08-07T17:11:46.280+05:30  INFO 2219558 --- [    Test worker] o.s.o.j.p.SpringPersistenceUnitInfo      : No LoadTimeWeaver setup: ignoring JPA class transformer
2023-08-07T17:11:46.293+05:30  INFO 2219558 --- [    Test worker] com.zaxxer.hikari.HikariDataSource       : HikariPool-1 - Starting...
2023-08-07T17:11:46.615+05:30  INFO 2219558 --- [    Test worker] com.zaxxer.hikari.pool.HikariPool        : HikariPool-1 - Added connection org.postgresql.jdbc.PgConnection@1322b575
2023-08-07T17:11:46.617+05:30  INFO 2219558 --- [    Test worker] com.zaxxer.hikari.HikariDataSource       : HikariPool-1 - Start completed.
2023-08-07T17:11:46.803+05:30  INFO 2219558 --- [    Test worker] o.h.b.i.BytecodeProviderInitiator        : HHH000021: Bytecode provider name : bytebuddy
2023-08-07T17:11:47.310+05:30  INFO 2219558 --- [    Test worker] o.h.e.t.j.p.i.JtaPlatformInitiator       : HHH000490: Using JtaPlatform implementation: [org.hibernate.engine.transaction.jta.platform.internal.NoJtaPlatform]
2023-08-07T17:11:47.315+05:30  INFO 2219558 --- [    Test worker] j.LocalContainerEntityManagerFactoryBean : Initialized JPA EntityManagerFactory for persistence unit 'default'
2023-08-07T17:11:47.680+05:30  WARN 2219558 --- [    Test worker] JpaBaseConfiguration$JpaWebConfiguration : spring.jpa.open-in-view is enabled by default. Therefore, database queries may be performed during view rendering. Explicitly configure spring.jpa.open-in-view to disable this warning
2023-08-07T17:11:47.979+05:30  INFO 2219558 --- [    Test worker] c.d.d.DepartmentApplicationTests         : Started DepartmentApplicationTests in 3.039 seconds (process running for 3.869)
]]></system-out>
  <system-err><![CDATA[]]></system-err>
</testsuite>
